[02:29:29.162][INFO]: Successfully injected RecipeFS file system
[02:29:29.227][INFO]: Successfully identified and loaded plugin crafttweaker:builtin
[02:29:29.228][INFO]: Successfully identified and loaded plugin crafttweaker:builtin_forge
[02:29:29.231][INFO]: Successfully identified and loaded plugin farmersdelight:crafttweaker_plugin
[02:29:30.093][INFO]: The following mods have explicit CraftTweaker support through the default plugin:
[02:29:30.093][INFO]: - 'aether' at version '1.19.2-1.4.2-forge'
[02:29:30.094][INFO]: - 'aquaculture' at version '1.19.2-2.4.17'
[02:29:30.094][INFO]: - 'crafttweaker' at version '10.1.56'
[02:29:30.094][INFO]: - 'farmersdelight' at version '1.19.2-1.2.4'
[02:29:30.094][INFO]: - 'gamestages' at version '11.1.4'
[02:29:30.094][INFO]: - 'itemstages' at version '5.1.4'
[02:29:44.328][INFO]: Started loading scripts for loader 'initialize'
[02:29:45.015][INFO]: Compiling and executing scripts
[02:29:45.081][INFO]: Successfully initialized modules [crafttweaker, expansions]
[02:29:45.289][INFO]: Execution for loader 'initialize' completed successfully
[02:29:56.671][INFO]: Started loading scripts for loader 'tags'
[02:29:56.707][INFO]: Compiling and executing scripts
[02:29:56.724][INFO]: Successfully initialized modules [crafttweaker, expansions]
[02:29:56.737][INFO]: Execution for loader 'tags' completed successfully
[02:30:01.719][INFO]: Started loading scripts for loader 'crafttweaker'
[02:30:01.753][INFO]: Compiling and executing scripts
[02:30:02.179][INFO]: Successfully initialized modules [mods, crafttweaker, expansions]
[02:30:02.183][INFO]: Loading file 'Cisco.zs' with priority 0
[02:30:02.213][INFO]: Hello world!
[02:30:02.216][INFO]: Adding 'minecraft:smithing' recipe, with name: 'crafttweaker:dreadsteel_chestplate' that outputs: '<item:dreadsteel:dreadsteel_chestplate>'
[02:30:02.216][INFO]: Adding 'minecraft:smithing' recipe, with name: 'crafttweaker:dreadsteel_helmet' that outputs: '<item:dreadsteel:dreadsteel_helmet>'
[02:30:02.217][INFO]: Adding 'minecraft:smithing' recipe, with name: 'crafttweaker:dreadsteel_boots' that outputs: '<item:dreadsteel:dreadsteel_boots>'
[02:30:02.217][INFO]: Adding 'minecraft:smithing' recipe, with name: 'crafttweaker:dreadsteel_leggings' that outputs: '<item:dreadsteel:dreadsteel_leggings>'
[02:30:02.217][INFO]: Adding 'minecraft:crafting' recipe, of type: "shapeless", with name: 'crafttweaker:dreadsteel_ingot_recipe' that outputs: '<item:dreadsteel:dreadsteel_ingot>'
[02:30:02.217][INFO]: Adding 'minecraft:crafting' recipe, of type: "shapeless", with name: 'crafttweaker:dreadsteel_scythe_recipe' that outputs: '<item:dreadsteel:dreadsteel_scythe>'
[02:30:02.217][INFO]: Adding 'minecraft:crafting' recipe, of type: "shapeless", with name: 'crafttweaker:dreadsteel_shield_recipe' that outputs: '<item:dreadsteel:dreadsteel_shield>'
[02:30:02.218][INFO]: Removing "minecraft:crafting" recipes with modid: "dreadsteel"
[02:30:02.220][INFO]: Adding 'minecraft:crafting' recipe, of type: "shapeless", with name: 'crafttweaker:amnesia_scroll' that outputs: '<item:skilltree:amnesia_scroll>'
[02:30:02.220][INFO]: Adding 'minecraft:crafting' recipe, of type: "shapeless", with name: 'crafttweaker:true_dragons_breath' that outputs: '<item:cisco_mod:true_dragons_breath>'
[02:30:02.223][INFO]: Adding 'minecraft:crafting' recipe, of type: "shapeless", with name: 'crafttweaker:rogue_eye' that outputs: '<item:endrem:rogue_eye>.withTag({Damage: 0})'
[02:30:02.223][INFO]: Adding 'minecraft:crafting' recipe, of type: "shapeless", with name: 'crafttweaker:undead_soul' that outputs: '<item:endrem:undead_soul>'
[02:30:02.223][INFO]: Adding 'minecraft:crafting' recipe, of type: "shapeless", with name: 'crafttweaker:demonium_ingot_recipe' that outputs: '<item:cisco_mod:demonium_ingot>'
[02:30:02.223][INFO]: Adding 'minecraft:crafting' recipe, of type: "shapeless", with name: 'crafttweaker:frigidium_ingot_recipe' that outputs: '<item:cisco_mod:frigidiumingot>'
[02:30:02.223][INFO]: Execution for loader 'crafttweaker' completed successfully
[02:30:02.225][INFO]: This reload was made possible by Jordan Pineo and more! Become a patron at https://patreon.com/jaredlll08?s=crtmod
